10:16:48:497 TIocpCrossSocket.ProcessIoEvent.GetQueuedCompletionStatus : System Error.  Code: 64(0040), 指定的网络名不再可用。
10:16:50:747 TIocpCrossSocket.ProcessIoEvent.GetQueuedCompletionStatus : System Error.  Code: 995(03E3), 由于线程退出或应用程序请求，已中止 I/O 操作。
10:16:50:747 TIocpCrossSocket.ProcessIoEvent.GetQueuedCompletionStatus : System Error.  Code: 995(03E3), 由于线程退出或应用程序请求，已中止 I/O 操作。
10:16:50:747 TIocpCrossSocket._NewAccept.AcceptEx : System Error.  Code: 10022(2726), 提供了一个无效的参数。
10:16:50:747 TIocpCrossSocket.ProcessIoEvent.GetQueuedCompletionStatus : System Error.  Code: 995(03E3), 由于线程退出或应用程序请求，已中止 I/O 操作。
10:16:50:802 TIocpCrossSocket.ProcessIoEvent.GetQueuedCompletionStatus : System Error.  Code: 995(03E3), 由于线程退出或应用程序请求，已中止 I/O 操作。
10:16:50:771 TIocpCrossSocket.ProcessIoEvent.GetQueuedCompletionStatus : System Error.  Code: 995(03E3), 由于线程退出或应用程序请求，已中止 I/O 操作。
10:16:50:802 TIocpCrossSocket._NewAccept.AcceptEx : System Error.  Code: 10038(2736), 在一个非套接字上尝试了一个操作。
10:16:50:747 TIocpCrossSocket.ProcessIoEvent.GetQueuedCompletionStatus : System Error.  Code: 995(03E3), 由于线程退出或应用程序请求，已中止 I/O 操作。
10:16:50:803 TIocpCrossSocket._NewAccept.AcceptEx : System Error.  Code: 10038(2736), 在一个非套接字上尝试了一个操作。
10:16:50:771 TIocpCrossSocket.ProcessIoEvent.GetQueuedCompletionStatus : System Error.  Code: 995(03E3), 由于线程退出或应用程序请求，已中止 I/O 操作。
10:16:50:747 TIocpCrossSocket.ProcessIoEvent.GetQueuedCompletionStatus : System Error.  Code: 995(03E3), 由于线程退出或应用程序请求，已中止 I/O 操作。
10:16:50:771 TIocpCrossSocket.ProcessIoEvent.GetQueuedCompletionStatus : System Error.  Code: 995(03E3), 由于线程退出或应用程序请求，已中止 I/O 操作。
10:16:50:747 TIocpCrossSocket.ProcessIoEvent.GetQueuedCompletionStatus : System Error.  Code: 995(03E3), 由于线程退出或应用程序请求，已中止 I/O 操作。
10:16:50:771 TIocpCrossSocket.ProcessIoEvent.GetQueuedCompletionStatus : System Error.  Code: 995(03E3), 由于线程退出或应用程序请求，已中止 I/O 操作。
10:16:50:747 TIocpCrossSocket.ProcessIoEvent.GetQueuedCompletionStatus : System Error.  Code: 995(03E3), 由于线程退出或应用程序请求，已中止 I/O 操作。
10:16:50:747 TIocpCrossSocket.ProcessIoEvent.GetQueuedCompletionStatus : System Error.  Code: 995(03E3), 由于线程退出或应用程序请求，已中止 I/O 操作。
10:16:50:771 TIocpCrossSocket.ProcessIoEvent.GetQueuedCompletionStatus : System Error.  Code: 995(03E3), 由于线程退出或应用程序请求，已中止 I/O 操作。
10:16:50:747 TIocpCrossSocket.ProcessIoEvent.GetQueuedCompletionStatus : System Error.  Code: 995(03E3), 由于线程退出或应用程序请求，已中止 I/O 操作。
10:16:50:771 TIocpCrossSocket.ProcessIoEvent.GetQueuedCompletionStatus : System Error.  Code: 995(03E3), 由于线程退出或应用程序请求，已中止 I/O 操作。
10:16:50:771 TIocpCrossSocket.ProcessIoEvent.GetQueuedCompletionStatus : System Error.  Code: 995(03E3), 由于线程退出或应用程序请求，已中止 I/O 操作。
10:16:50:747 TIocpCrossSocket.ProcessIoEvent.GetQueuedCompletionStatus : System Error.  Code: 995(03E3), 由于线程退出或应用程序请求，已中止 I/O 操作。
10:16:50:747 TIocpCrossSocket.ProcessIoEvent.GetQueuedCompletionStatus : System Error.  Code: 995(03E3), 由于线程退出或应用程序请求，已中止 I/O 操作。
10:16:50:771 TIocpCrossSocket.ProcessIoEvent.GetQueuedCompletionStatus : System Error.  Code: 995(03E3), 由于线程退出或应用程序请求，已中止 I/O 操作。
10:16:50:747 TIocpCrossSocket.ProcessIoEvent.GetQueuedCompletionStatus : System Error.  Code: 995(03E3), 由于线程退出或应用程序请求，已中止 I/O 操作。
10:16:50:786 TIocpCrossSocket.ProcessIoEvent.GetQueuedCompletionStatus : System Error.  Code: 995(03E3), 由于线程退出或应用程序请求，已中止 I/O 操作。
10:16:50:747 TIocpCrossSocket.ProcessIoEvent.GetQueuedCompletionStatus : System Error.  Code: 995(03E3), 由于线程退出或应用程序请求，已中止 I/O 操作。
10:16:50:771 TIocpCrossSocket.ProcessIoEvent.GetQueuedCompletionStatus : System Error.  Code: 995(03E3), 由于线程退出或应用程序请求，已中止 I/O 操作。
10:16:50:771 TIocpCrossSocket.ProcessIoEvent.GetQueuedCompletionStatus : System Error.  Code: 995(03E3), 由于线程退出或应用程序请求，已中止 I/O 操作。
10:16:50:747 TIocpCrossSocket.ProcessIoEvent.GetQueuedCompletionStatus : System Error.  Code: 995(03E3), 由于线程退出或应用程序请求，已中止 I/O 操作。
10:16:50:747 TIocpCrossSocket.ProcessIoEvent.GetQueuedCompletionStatus : System Error.  Code: 995(03E3), 由于线程退出或应用程序请求，已中止 I/O 操作。
10:16:50:747 TIocpCrossSocket.ProcessIoEvent.GetQueuedCompletionStatus : System Error.  Code: 995(03E3), 由于线程退出或应用程序请求，已中止 I/O 操作。
10:16:50:771 TIocpCrossSocket.ProcessIoEvent.GetQueuedCompletionStatus : System Error.  Code: 995(03E3), 由于线程退出或应用程序请求，已中止 I/O 操作。
10:16:50:818 TIocpCrossSocket._NewAccept.AcceptEx : System Error.  Code: 10038(2736), 在一个非套接字上尝试了一个操作。
10:16:50:747 TIocpCrossSocket.ProcessIoEvent.GetQueuedCompletionStatus : System Error.  Code: 995(03E3), 由于线程退出或应用程序请求，已中止 I/O 操作。
10:16:50:747 TIocpCrossSocket.ProcessIoEvent.GetQueuedCompletionStatus : System Error.  Code: 995(03E3), 由于线程退出或应用程序请求，已中止 I/O 操作。
10:16:50:818 TIocpCrossSocket._NewAccept.AcceptEx : System Error.  Code: 10038(2736), 在一个非套接字上尝试了一个操作。
10:16:50:786 TIocpCrossSocket.ProcessIoEvent.GetQueuedCompletionStatus : System Error.  Code: 995(03E3), 由于线程退出或应用程序请求，已中止 I/O 操作。
10:16:50:833 TIocpCrossSocket._NewAccept.AcceptEx : System Error.  Code: 10038(2736), 在一个非套接字上尝试了一个操作。
10:16:50:802 TIocpCrossSocket._NewAccept.AcceptEx : System Error.  Code: 10038(2736), 在一个非套接字上尝试了一个操作。
10:16:50:818 TIocpCrossSocket._NewAccept.AcceptEx : System Error.  Code: 10038(2736), 在一个非套接字上尝试了一个操作。
10:16:50:747 TIocpCrossSocket.ProcessIoEvent.GetQueuedCompletionStatus : System Error.  Code: 995(03E3), 由于线程退出或应用程序请求，已中止 I/O 操作。
10:16:50:747 TIocpCrossSocket.ProcessIoEvent.GetQueuedCompletionStatus : System Error.  Code: 995(03E3), 由于线程退出或应用程序请求，已中止 I/O 操作。
10:16:50:865 TIocpCrossSocket._NewAccept.AcceptEx : System Error.  Code: 10038(2736), 在一个非套接字上尝试了一个操作。
10:16:50:747 TIocpCrossSocket.ProcessIoEvent.GetQueuedCompletionStatus : System Error.  Code: 995(03E3), 由于线程退出或应用程序请求，已中止 I/O 操作。
10:16:50:771 TIocpCrossSocket.ProcessIoEvent.GetQueuedCompletionStatus : System Error.  Code: 995(03E3), 由于线程退出或应用程序请求，已中止 I/O 操作。
10:16:50:865 TIocpCrossSocket._NewAccept.AcceptEx : System Error.  Code: 10038(2736), 在一个非套接字上尝试了一个操作。
10:16:50:771 TIocpCrossSocket.ProcessIoEvent.GetQueuedCompletionStatus : System Error.  Code: 995(03E3), 由于线程退出或应用程序请求，已中止 I/O 操作。
10:16:50:747 TIocpCrossSocket.ProcessIoEvent.GetQueuedCompletionStatus : System Error.  Code: 995(03E3), 由于线程退出或应用程序请求，已中止 I/O 操作。
10:16:50:818 TIocpCrossSocket._NewAccept.AcceptEx : System Error.  Code: 10038(2736), 在一个非套接字上尝试了一个操作。
10:16:50:865 TIocpCrossSocket._NewAccept.AcceptEx : System Error.  Code: 10038(2736), 在一个非套接字上尝试了一个操作。
10:16:50:802 TIocpCrossSocket._NewAccept.AcceptEx : System Error.  Code: 10038(2736), 在一个非套接字上尝试了一个操作。
10:16:50:833 TIocpCrossSocket._NewAccept.AcceptEx : System Error.  Code: 10038(2736), 在一个非套接字上尝试了一个操作。
10:16:50:818 TIocpCrossSocket._NewAccept.AcceptEx : System Error.  Code: 10038(2736), 在一个非套接字上尝试了一个操作。
10:16:50:818 TIocpCrossSocket._NewAccept.AcceptEx : System Error.  Code: 10038(2736), 在一个非套接字上尝试了一个操作。
10:16:50:747 TIocpCrossSocket.ProcessIoEvent.GetQueuedCompletionStatus : System Error.  Code: 995(03E3), 由于线程退出或应用程序请求，已中止 I/O 操作。
10:16:50:818 TIocpCrossSocket._NewAccept.AcceptEx : System Error.  Code: 10038(2736), 在一个非套接字上尝试了一个操作。
10:16:50:880 TIocpCrossSocket._NewAccept.AcceptEx : System Error.  Code: 10038(2736), 在一个非套接字上尝试了一个操作。
10:16:50:747 TIocpCrossSocket.ProcessIoEvent.GetQueuedCompletionStatus : System Error.  Code: 995(03E3), 由于线程退出或应用程序请求，已中止 I/O 操作。
10:16:50:747 TIocpCrossSocket.ProcessIoEvent.GetQueuedCompletionStatus : System Error.  Code: 995(03E3), 由于线程退出或应用程序请求，已中止 I/O 操作。
10:16:50:818 TIocpCrossSocket._NewAccept.AcceptEx : System Error.  Code: 10038(2736), 在一个非套接字上尝试了一个操作。
10:16:50:880 TIocpCrossSocket._NewAccept.AcceptEx : System Error.  Code: 10038(2736), 在一个非套接字上尝试了一个操作。
10:16:50:818 TIocpCrossSocket._NewAccept.AcceptEx : System Error.  Code: 10038(2736), 在一个非套接字上尝试了一个操作。
10:16:50:880 TIocpCrossSocket._NewAccept.AcceptEx : System Error.  Code: 10038(2736), 在一个非套接字上尝试了一个操作。
10:16:50:818 TIocpCrossSocket._NewAccept.AcceptEx : System Error.  Code: 10038(2736), 在一个非套接字上尝试了一个操作。
10:16:50:849 TIocpCrossSocket._NewAccept.AcceptEx : System Error.  Code: 10038(2736), 在一个非套接字上尝试了一个操作。
10:16:50:865 TIocpCrossSocket._NewAccept.AcceptEx : System Error.  Code: 10038(2736), 在一个非套接字上尝试了一个操作。
10:16:50:865 TIocpCrossSocket._NewAccept.AcceptEx : System Error.  Code: 10038(2736), 在一个非套接字上尝试了一个操作。
10:16:50:818 TIocpCrossSocket._NewAccept.AcceptEx : System Error.  Code: 10038(2736), 在一个非套接字上尝试了一个操作。
10:16:50:818 TIocpCrossSocket._NewAccept.AcceptEx : System Error.  Code: 10038(2736), 在一个非套接字上尝试了一个操作。
10:16:50:865 TIocpCrossSocket._NewAccept.AcceptEx : System Error.  Code: 10038(2736), 在一个非套接字上尝试了一个操作。
10:16:50:880 TIocpCrossSocket._NewAccept.AcceptEx : System Error.  Code: 10038(2736), 在一个非套接字上尝试了一个操作。
10:16:50:771 TIocpCrossSocket.ProcessIoEvent.GetQueuedCompletionStatus : System Error.  Code: 995(03E3), 由于线程退出或应用程序请求，已中止 I/O 操作。
10:16:50:747 TIocpCrossSocket.ProcessIoEvent.GetQueuedCompletionStatus : System Error.  Code: 995(03E3), 由于线程退出或应用程序请求，已中止 I/O 操作。
10:16:50:865 TIocpCrossSocket._NewAccept.AcceptEx : System Error.  Code: 10038(2736), 在一个非套接字上尝试了一个操作。
10:16:50:818 TIocpCrossSocket._NewAccept.AcceptEx : System Error.  Code: 10038(2736), 在一个非套接字上尝试了一个操作。
10:16:50:771 TIocpCrossSocket.ProcessIoEvent.GetQueuedCompletionStatus : System Error.  Code: 995(03E3), 由于线程退出或应用程序请求，已中止 I/O 操作。
10:16:50:912 TIocpCrossSocket._NewAccept.AcceptEx : System Error.  Code: 10038(2736), 在一个非套接字上尝试了一个操作。
10:16:50:818 TIocpCrossSocket._NewAccept.AcceptEx : System Error.  Code: 10038(2736), 在一个非套接字上尝试了一个操作。
10:16:50:747 TIocpCrossSocket.ProcessIoEvent.GetQueuedCompletionStatus : System Error.  Code: 995(03E3), 由于线程退出或应用程序请求，已中止 I/O 操作。
10:16:50:747 TIocpCrossSocket.ProcessIoEvent.GetQueuedCompletionStatus : System Error.  Code: 995(03E3), 由于线程退出或应用程序请求，已中止 I/O 操作。
10:16:50:943 TIocpCrossSocket._NewAccept.AcceptEx : System Error.  Code: 10038(2736), 在一个非套接字上尝试了一个操作。
10:16:50:896 TIocpCrossSocket._NewAccept.AcceptEx : System Error.  Code: 10038(2736), 在一个非套接字上尝试了一个操作。
10:16:50:818 TIocpCrossSocket._NewAccept.AcceptEx : System Error.  Code: 10038(2736), 在一个非套接字上尝试了一个操作。
10:16:50:896 TIocpCrossSocket._NewAccept.AcceptEx : System Error.  Code: 10038(2736), 在一个非套接字上尝试了一个操作。
10:16:50:786 TIocpCrossSocket.ProcessIoEvent.GetQueuedCompletionStatus : System Error.  Code: 995(03E3), 由于线程退出或应用程序请求，已中止 I/O 操作。
10:16:50:802 TIocpCrossSocket.ProcessIoEvent.GetQueuedCompletionStatus : System Error.  Code: 995(03E3), 由于线程退出或应用程序请求，已中止 I/O 操作。
10:16:50:818 TIocpCrossSocket._NewAccept.AcceptEx : System Error.  Code: 10038(2736), 在一个非套接字上尝试了一个操作。
10:16:50:943 TIocpCrossSocket._NewAccept.AcceptEx : System Error.  Code: 10038(2736), 在一个非套接字上尝试了一个操作。
10:16:50:943 TIocpCrossSocket._NewAccept.AcceptEx : System Error.  Code: 10038(2736), 在一个非套接字上尝试了一个操作。
10:16:50:747 TIocpCrossSocket.ProcessIoEvent.GetQueuedCompletionStatus : System Error.  Code: 995(03E3), 由于线程退出或应用程序请求，已中止 I/O 操作。
10:16:50:833 TIocpCrossSocket._NewAccept.AcceptEx : System Error.  Code: 10038(2736), 在一个非套接字上尝试了一个操作。
10:16:50:880 TIocpCrossSocket._NewAccept.AcceptEx : System Error.  Code: 10038(2736), 在一个非套接字上尝试了一个操作。
10:16:50:912 TIocpCrossSocket._NewAccept.AcceptEx : System Error.  Code: 10038(2736), 在一个非套接字上尝试了一个操作。
10:16:50:912 TIocpCrossSocket._NewAccept.AcceptEx : System Error.  Code: 10038(2736), 在一个非套接字上尝试了一个操作。
10:16:50:818 TIocpCrossSocket._NewAccept.AcceptEx : System Error.  Code: 10038(2736), 在一个非套接字上尝试了一个操作。
10:16:50:818 TIocpCrossSocket._NewAccept.AcceptEx : System Error.  Code: 10038(2736), 在一个非套接字上尝试了一个操作。
10:16:50:944 TIocpCrossSocket._NewAccept.AcceptEx : System Error.  Code: 10038(2736), 在一个非套接字上尝试了一个操作。
10:16:50:944 TIocpCrossSocket._NewAccept.AcceptEx : System Error.  Code: 10038(2736), 在一个非套接字上尝试了一个操作。
10:30:12:926 TIocpCrossSocket.ProcessIoEvent.GetQueuedCompletionStatus : System Error.  Code: 64(0040), 指定的网络名不再可用。
10:30:14:569 TIocpCrossSocket.ProcessIoEvent.GetQueuedCompletionStatus : System Error.  Code: 995(03E3), 由于线程退出或应用程序请求，已中止 I/O 操作。
10:30:14:570 TIocpCrossSocket.ProcessIoEvent.GetQueuedCompletionStatus : System Error.  Code: 995(03E3), 由于线程退出或应用程序请求，已中止 I/O 操作。
10:30:14:570 TIocpCrossSocket.ProcessIoEvent.GetQueuedCompletionStatus : System Error.  Code: 995(03E3), 由于线程退出或应用程序请求，已中止 I/O 操作。
10:30:14:570 TIocpCrossSocket._NewAccept.AcceptEx : System Error.  Code: 10038(2736), 在一个非套接字上尝试了一个操作。
10:30:14:570 TIocpCrossSocket.ProcessIoEvent.GetQueuedCompletionStatus : System Error.  Code: 995(03E3), 由于线程退出或应用程序请求，已中止 I/O 操作。
10:30:14:570 TIocpCrossSocket._NewAccept.AcceptEx : System Error.  Code: 10038(2736), 在一个非套接字上尝试了一个操作。
10:30:14:580 TIocpCrossSocket.ProcessIoEvent.GetQueuedCompletionStatus : System Error.  Code: 995(03E3), 由于线程退出或应用程序请求，已中止 I/O 操作。
10:30:14:570 TIocpCrossSocket.ProcessIoEvent.GetQueuedCompletionStatus : System Error.  Code: 995(03E3), 由于线程退出或应用程序请求，已中止 I/O 操作。
10:30:14:570 TIocpCrossSocket._NewAccept.AcceptEx : System Error.  Code: 10038(2736), 在一个非套接字上尝试了一个操作。
10:30:14:595 TIocpCrossSocket._NewAccept.AcceptEx : System Error.  Code: 10038(2736), 在一个非套接字上尝试了一个操作。
10:30:14:595 TIocpCrossSocket.ProcessIoEvent.GetQueuedCompletionStatus : System Error.  Code: 995(03E3), 由于线程退出或应用程序请求，已中止 I/O 操作。
10:30:14:595 TIocpCrossSocket.ProcessIoEvent.GetQueuedCompletionStatus : System Error.  Code: 995(03E3), 由于线程退出或应用程序请求，已中止 I/O 操作。
10:30:14:569 TIocpCrossSocket.ProcessIoEvent.GetQueuedCompletionStatus : System Error.  Code: 995(03E3), 由于线程退出或应用程序请求，已中止 I/O 操作。
10:30:14:569 TIocpCrossSocket.ProcessIoEvent.GetQueuedCompletionStatus : System Error.  Code: 995(03E3), 由于线程退出或应用程序请求，已中止 I/O 操作。
10:30:14:611 TIocpCrossSocket.ProcessIoEvent.GetQueuedCompletionStatus : System Error.  Code: 995(03E3), 由于线程退出或应用程序请求，已中止 I/O 操作。
10:30:14:611 TIocpCrossSocket._NewAccept.AcceptEx : System Error.  Code: 10038(2736), 在一个非套接字上尝试了一个操作。
10:30:14:569 TIocpCrossSocket.ProcessIoEvent.GetQueuedCompletionStatus : System Error.  Code: 995(03E3), 由于线程退出或应用程序请求，已中止 I/O 操作。
10:30:14:569 TIocpCrossSocket.ProcessIoEvent.GetQueuedCompletionStatus : System Error.  Code: 995(03E3), 由于线程退出或应用程序请求，已中止 I/O 操作。
10:30:14:569 TIocpCrossSocket.ProcessIoEvent.GetQueuedCompletionStatus : System Error.  Code: 995(03E3), 由于线程退出或应用程序请求，已中止 I/O 操作。
10:30:14:569 TIocpCrossSocket.ProcessIoEvent.GetQueuedCompletionStatus : System Error.  Code: 995(03E3), 由于线程退出或应用程序请求，已中止 I/O 操作。
10:30:14:569 TIocpCrossSocket.ProcessIoEvent.GetQueuedCompletionStatus : System Error.  Code: 995(03E3), 由于线程退出或应用程序请求，已中止 I/O 操作。
10:30:14:611 TIocpCrossSocket.ProcessIoEvent.GetQueuedCompletionStatus : System Error.  Code: 995(03E3), 由于线程退出或应用程序请求，已中止 I/O 操作。
10:30:14:627 TIocpCrossSocket._NewAccept.AcceptEx : System Error.  Code: 10038(2736), 在一个非套接字上尝试了一个操作。
10:30:14:580 TIocpCrossSocket.ProcessIoEvent.GetQueuedCompletionStatus : System Error.  Code: 995(03E3), 由于线程退出或应用程序请求，已中止 I/O 操作。
10:30:14:627 TIocpCrossSocket._NewAccept.AcceptEx : System Error.  Code: 10038(2736), 在一个非套接字上尝试了一个操作。
10:30:14:627 TIocpCrossSocket._NewAccept.AcceptEx : System Error.  Code: 10038(2736), 在一个非套接字上尝试了一个操作。
10:30:14:570 TIocpCrossSocket._NewAccept.AcceptEx : System Error.  Code: 10038(2736), 在一个非套接字上尝试了一个操作。
10:30:14:627 TIocpCrossSocket._NewAccept.AcceptEx : System Error.  Code: 10038(2736), 在一个非套接字上尝试了一个操作。
10:30:14:627 TIocpCrossSocket._NewAccept.AcceptEx : System Error.  Code: 10038(2736), 在一个非套接字上尝试了一个操作。
10:30:14:627 TIocpCrossSocket._NewAccept.AcceptEx : System Error.  Code: 10038(2736), 在一个非套接字上尝试了一个操作。
10:30:14:611 TIocpCrossSocket.ProcessIoEvent.GetQueuedCompletionStatus : System Error.  Code: 995(03E3), 由于线程退出或应用程序请求，已中止 I/O 操作。
10:30:14:569 TIocpCrossSocket.ProcessIoEvent.GetQueuedCompletionStatus : System Error.  Code: 995(03E3), 由于线程退出或应用程序请求，已中止 I/O 操作。
10:30:14:569 TIocpCrossSocket.ProcessIoEvent.GetQueuedCompletionStatus : System Error.  Code: 995(03E3), 由于线程退出或应用程序请求，已中止 I/O 操作。
10:30:14:627 TIocpCrossSocket._NewAccept.AcceptEx : System Error.  Code: 10038(2736), 在一个非套接字上尝试了一个操作。
10:30:14:611 TIocpCrossSocket.ProcessIoEvent.GetQueuedCompletionStatus : System Error.  Code: 995(03E3), 由于线程退出或应用程序请求，已中止 I/O 操作。
10:30:14:595 TIocpCrossSocket._NewAccept.AcceptEx : System Error.  Code: 10038(2736), 在一个非套接字上尝试了一个操作。
10:30:14:595 TIocpCrossSocket.ProcessIoEvent.GetQueuedCompletionStatus : System Error.  Code: 995(03E3), 由于线程退出或应用程序请求，已中止 I/O 操作。
10:30:14:627 TIocpCrossSocket._NewAccept.AcceptEx : System Error.  Code: 10038(2736), 在一个非套接字上尝试了一个操作。
10:30:14:569 TIocpCrossSocket.ProcessIoEvent.GetQueuedCompletionStatus : System Error.  Code: 995(03E3), 由于线程退出或应用程序请求，已中止 I/O 操作。
10:30:14:569 TIocpCrossSocket.ProcessIoEvent.GetQueuedCompletionStatus : System Error.  Code: 995(03E3), 由于线程退出或应用程序请求，已中止 I/O 操作。
10:30:14:569 TIocpCrossSocket.ProcessIoEvent.GetQueuedCompletionStatus : System Error.  Code: 995(03E3), 由于线程退出或应用程序请求，已中止 I/O 操作。
10:30:14:569 TIocpCrossSocket.ProcessIoEvent.GetQueuedCompletionStatus : System Error.  Code: 995(03E3), 由于线程退出或应用程序请求，已中止 I/O 操作。
10:30:14:569 TIocpCrossSocket.ProcessIoEvent.GetQueuedCompletionStatus : System Error.  Code: 995(03E3), 由于线程退出或应用程序请求，已中止 I/O 操作。
10:30:14:627 TIocpCrossSocket._NewAccept.AcceptEx : System Error.  Code: 10038(2736), 在一个非套接字上尝试了一个操作。
10:30:14:627 TIocpCrossSocket._NewAccept.AcceptEx : System Error.  Code: 10038(2736), 在一个非套接字上尝试了一个操作。
10:30:14:611 TIocpCrossSocket.ProcessIoEvent.GetQueuedCompletionStatus : System Error.  Code: 995(03E3), 由于线程退出或应用程序请求，已中止 I/O 操作。
10:30:14:569 TIocpCrossSocket.ProcessIoEvent.GetQueuedCompletionStatus : System Error.  Code: 995(03E3), 由于线程退出或应用程序请求，已中止 I/O 操作。
10:30:14:627 TIocpCrossSocket._NewAccept.AcceptEx : System Error.  Code: 10038(2736), 在一个非套接字上尝试了一个操作。
10:30:14:580 TIocpCrossSocket.ProcessIoEvent.GetQueuedCompletionStatus : System Error.  Code: 995(03E3), 由于线程退出或应用程序请求，已中止 I/O 操作。
10:30:14:627 TIocpCrossSocket._NewAccept.AcceptEx : System Error.  Code: 10038(2736), 在一个非套接字上尝试了一个操作。
10:30:14:569 TIocpCrossSocket.ProcessIoEvent.GetQueuedCompletionStatus : System Error.  Code: 995(03E3), 由于线程退出或应用程序请求，已中止 I/O 操作。
10:30:14:611 TIocpCrossSocket._NewAccept.AcceptEx : System Error.  Code: 10038(2736), 在一个非套接字上尝试了一个操作。
10:30:14:570 TIocpCrossSocket.ProcessIoEvent.GetQueuedCompletionStatus : System Error.  Code: 995(03E3), 由于线程退出或应用程序请求，已中止 I/O 操作。
10:30:14:628 TIocpCrossSocket._NewAccept.AcceptEx : System Error.  Code: 10038(2736), 在一个非套接字上尝试了一个操作。
10:30:14:569 TIocpCrossSocket.ProcessIoEvent.GetQueuedCompletionStatus : System Error.  Code: 995(03E3), 由于线程退出或应用程序请求，已中止 I/O 操作。
10:30:14:627 TIocpCrossSocket.ProcessIoEvent.GetQueuedCompletionStatus : System Error.  Code: 995(03E3), 由于线程退出或应用程序请求，已中止 I/O 操作。
10:30:14:628 TIocpCrossSocket._NewAccept.AcceptEx : System Error.  Code: 10038(2736), 在一个非套接字上尝试了一个操作。
10:30:14:628 TIocpCrossSocket._NewAccept.AcceptEx : System Error.  Code: 10038(2736), 在一个非套接字上尝试了一个操作。
10:30:14:611 TIocpCrossSocket.ProcessIoEvent.GetQueuedCompletionStatus : System Error.  Code: 995(03E3), 由于线程退出或应用程序请求，已中止 I/O 操作。
10:30:14:611 TIocpCrossSocket._NewAccept.AcceptEx : System Error.  Code: 10038(2736), 在一个非套接字上尝试了一个操作。
10:30:14:628 TIocpCrossSocket._NewAccept.AcceptEx : System Error.  Code: 10038(2736), 在一个非套接字上尝试了一个操作。
10:30:14:628 TIocpCrossSocket._NewAccept.AcceptEx : System Error.  Code: 10038(2736), 在一个非套接字上尝试了一个操作。
10:30:14:611 TIocpCrossSocket.ProcessIoEvent.GetQueuedCompletionStatus : System Error.  Code: 995(03E3), 由于线程退出或应用程序请求，已中止 I/O 操作。
10:30:14:569 TIocpCrossSocket.ProcessIoEvent.GetQueuedCompletionStatus : System Error.  Code: 995(03E3), 由于线程退出或应用程序请求，已中止 I/O 操作。
10:30:14:629 TIocpCrossSocket._NewAccept.AcceptEx : System Error.  Code: 10038(2736), 在一个非套接字上尝试了一个操作。
10:30:14:611 TIocpCrossSocket.ProcessIoEvent.GetQueuedCompletionStatus : System Error.  Code: 995(03E3), 由于线程退出或应用程序请求，已中止 I/O 操作。
10:30:14:627 TIocpCrossSocket._NewAccept.AcceptEx : System Error.  Code: 10038(2736), 在一个非套接字上尝试了一个操作。
10:30:14:628 TIocpCrossSocket._NewAccept.AcceptEx : System Error.  Code: 10038(2736), 在一个非套接字上尝试了一个操作。
10:30:14:627 TIocpCrossSocket._NewAccept.AcceptEx : System Error.  Code: 10038(2736), 在一个非套接字上尝试了一个操作。
10:30:14:611 TIocpCrossSocket.ProcessIoEvent.GetQueuedCompletionStatus : System Error.  Code: 995(03E3), 由于线程退出或应用程序请求，已中止 I/O 操作。
10:30:14:569 TIocpCrossSocket.ProcessIoEvent.GetQueuedCompletionStatus : System Error.  Code: 995(03E3), 由于线程退出或应用程序请求，已中止 I/O 操作。
10:30:14:611 TIocpCrossSocket._NewAccept.AcceptEx : System Error.  Code: 10038(2736), 在一个非套接字上尝试了一个操作。
10:30:14:569 TIocpCrossSocket.ProcessIoEvent.GetQueuedCompletionStatus : System Error.  Code: 995(03E3), 由于线程退出或应用程序请求，已中止 I/O 操作。
10:30:14:569 TIocpCrossSocket.ProcessIoEvent.GetQueuedCompletionStatus : System Error.  Code: 995(03E3), 由于线程退出或应用程序请求，已中止 I/O 操作。
10:30:14:643 TIocpCrossSocket._NewAccept.AcceptEx : System Error.  Code: 10038(2736), 在一个非套接字上尝试了一个操作。
10:30:14:627 TIocpCrossSocket._NewAccept.AcceptEx : System Error.  Code: 10038(2736), 在一个非套接字上尝试了一个操作。
10:30:14:627 TIocpCrossSocket._NewAccept.AcceptEx : System Error.  Code: 10038(2736), 在一个非套接字上尝试了一个操作。
10:30:14:627 TIocpCrossSocket._NewAccept.AcceptEx : System Error.  Code: 10038(2736), 在一个非套接字上尝试了一个操作。
10:30:14:627 TIocpCrossSocket.ProcessIoEvent.GetQueuedCompletionStatus : System Error.  Code: 995(03E3), 由于线程退出或应用程序请求，已中止 I/O 操作。
10:30:14:569 TIocpCrossSocket.ProcessIoEvent.GetQueuedCompletionStatus : System Error.  Code: 995(03E3), 由于线程退出或应用程序请求，已中止 I/O 操作。
10:30:14:595 TIocpCrossSocket.ProcessIoEvent.GetQueuedCompletionStatus : System Error.  Code: 995(03E3), 由于线程退出或应用程序请求，已中止 I/O 操作。
10:30:14:580 TIocpCrossSocket.ProcessIoEvent.GetQueuedCompletionStatus : System Error.  Code: 995(03E3), 由于线程退出或应用程序请求，已中止 I/O 操作。
10:30:14:627 TIocpCrossSocket._NewAccept.AcceptEx : System Error.  Code: 10038(2736), 在一个非套接字上尝试了一个操作。
10:30:14:644 TIocpCrossSocket._NewAccept.AcceptEx : System Error.  Code: 10038(2736), 在一个非套接字上尝试了一个操作。
10:30:14:643 TIocpCrossSocket._NewAccept.AcceptEx : System Error.  Code: 10038(2736), 在一个非套接字上尝试了一个操作。
10:30:14:643 TIocpCrossSocket._NewAccept.AcceptEx : System Error.  Code: 10038(2736), 在一个非套接字上尝试了一个操作。
10:30:14:627 TIocpCrossSocket._NewAccept.AcceptEx : System Error.  Code: 10038(2736), 在一个非套接字上尝试了一个操作。
10:30:14:611 TIocpCrossSocket._NewAccept.AcceptEx : System Error.  Code: 10038(2736), 在一个非套接字上尝试了一个操作。
10:30:14:569 TIocpCrossSocket.ProcessIoEvent.GetQueuedCompletionStatus : System Error.  Code: 995(03E3), 由于线程退出或应用程序请求，已中止 I/O 操作。
10:30:14:644 TIocpCrossSocket._NewAccept.AcceptEx : System Error.  Code: 10038(2736), 在一个非套接字上尝试了一个操作。
10:30:14:644 TIocpCrossSocket._NewAccept.AcceptEx : System Error.  Code: 10038(2736), 在一个非套接字上尝试了一个操作。
10:30:14:569 TIocpCrossSocket.ProcessIoEvent.GetQueuedCompletionStatus : System Error.  Code: 995(03E3), 由于线程退出或应用程序请求，已中止 I/O 操作。
10:30:14:644 TIocpCrossSocket._NewAccept.AcceptEx : System Error.  Code: 10038(2736), 在一个非套接字上尝试了一个操作。
10:30:14:644 TIocpCrossSocket._NewAccept.AcceptEx : System Error.  Code: 10038(2736), 在一个非套接字上尝试了一个操作。
10:30:14:643 TIocpCrossSocket._NewAccept.AcceptEx : System Error.  Code: 10038(2736), 在一个非套接字上尝试了一个操作。
10:30:14:629 TIocpCrossSocket._NewAccept.AcceptEx : System Error.  Code: 10038(2736), 在一个非套接字上尝试了一个操作。
10:30:14:643 TIocpCrossSocket._NewAccept.AcceptEx : System Error.  Code: 10038(2736), 在一个非套接字上尝试了一个操作。
10:30:14:644 TIocpCrossSocket._NewAccept.AcceptEx : System Error.  Code: 10038(2736), 在一个非套接字上尝试了一个操作。
10:39:55:295 TIocpCrossSocket.ProcessIoEvent.GetQueuedCompletionStatus : System Error.  Code: 64(0040), 指定的网络名不再可用。
10:39:58:297 TIocpCrossSocket.ProcessIoEvent.GetQueuedCompletionStatus : System Error.  Code: 995(03E3), 由于线程退出或应用程序请求，已中止 I/O 操作。
10:39:58:297 TIocpCrossSocket.ProcessIoEvent.GetQueuedCompletionStatus : System Error.  Code: 995(03E3), 由于线程退出或应用程序请求，已中止 I/O 操作。
10:39:58:297 TIocpCrossSocket.ProcessIoEvent.GetQueuedCompletionStatus : System Error.  Code: 995(03E3), 由于线程退出或应用程序请求，已中止 I/O 操作。
10:39:58:297 TIocpCrossSocket.ProcessIoEvent.GetQueuedCompletionStatus : System Error.  Code: 995(03E3), 由于线程退出或应用程序请求，已中止 I/O 操作。
10:39:58:297 TIocpCrossSocket._NewAccept.AcceptEx : System Error.  Code: 10038(2736), 在一个非套接字上尝试了一个操作。
10:39:58:297 TIocpCrossSocket.ProcessIoEvent.GetQueuedCompletionStatus : System Error.  Code: 995(03E3), 由于线程退出或应用程序请求，已中止 I/O 操作。
10:39:58:297 TIocpCrossSocket._NewAccept.AcceptEx : System Error.  Code: 10038(2736), 在一个非套接字上尝试了一个操作。
10:39:58:297 TIocpCrossSocket.ProcessIoEvent.GetQueuedCompletionStatus : System Error.  Code: 995(03E3), 由于线程退出或应用程序请求，已中止 I/O 操作。
10:39:58:297 TIocpCrossSocket.ProcessIoEvent.GetQueuedCompletionStatus : System Error.  Code: 995(03E3), 由于线程退出或应用程序请求，已中止 I/O 操作。
10:39:58:297 TIocpCrossSocket.ProcessIoEvent.GetQueuedCompletionStatus : System Error.  Code: 995(03E3), 由于线程退出或应用程序请求，已中止 I/O 操作。
10:39:58:297 TIocpCrossSocket.ProcessIoEvent.GetQueuedCompletionStatus : System Error.  Code: 995(03E3), 由于线程退出或应用程序请求，已中止 I/O 操作。
10:39:58:297 TIocpCrossSocket.ProcessIoEvent.GetQueuedCompletionStatus : System Error.  Code: 995(03E3), 由于线程退出或应用程序请求，已中止 I/O 操作。
10:39:58:337 TIocpCrossSocket.ProcessIoEvent.GetQueuedCompletionStatus : System Error.  Code: 995(03E3), 由于线程退出或应用程序请求，已中止 I/O 操作。
10:39:58:321 TIocpCrossSocket.ProcessIoEvent.GetQueuedCompletionStatus : System Error.  Code: 995(03E3), 由于线程退出或应用程序请求，已中止 I/O 操作。
10:39:58:297 TIocpCrossSocket.ProcessIoEvent.GetQueuedCompletionStatus : System Error.  Code: 995(03E3), 由于线程退出或应用程序请求，已中止 I/O 操作。
10:39:58:321 TIocpCrossSocket.ProcessIoEvent.GetQueuedCompletionStatus : System Error.  Code: 995(03E3), 由于线程退出或应用程序请求，已中止 I/O 操作。
10:39:58:371 TIocpCrossSocket._NewAccept.AcceptEx : System Error.  Code: 10038(2736), 在一个非套接字上尝试了一个操作。
10:39:58:337 TIocpCrossSocket.ProcessIoEvent.GetQueuedCompletionStatus : System Error.  Code: 995(03E3), 由于线程退出或应用程序请求，已中止 I/O 操作。
10:39:58:321 TIocpCrossSocket.ProcessIoEvent.GetQueuedCompletionStatus : System Error.  Code: 995(03E3), 由于线程退出或应用程序请求，已中止 I/O 操作。
10:39:58:297 TIocpCrossSocket.ProcessIoEvent.GetQueuedCompletionStatus : System Error.  Code: 995(03E3), 由于线程退出或应用程序请求，已中止 I/O 操作。
10:39:58:371 TIocpCrossSocket._NewAccept.AcceptEx : System Error.  Code: 10038(2736), 在一个非套接字上尝试了一个操作。
10:39:58:297 TIocpCrossSocket.ProcessIoEvent.GetQueuedCompletionStatus : System Error.  Code: 995(03E3), 由于线程退出或应用程序请求，已中止 I/O 操作。
10:39:58:371 TIocpCrossSocket._NewAccept.AcceptEx : System Error.  Code: 10038(2736), 在一个非套接字上尝试了一个操作。
10:39:58:297 TIocpCrossSocket.ProcessIoEvent.GetQueuedCompletionStatus : System Error.  Code: 995(03E3), 由于线程退出或应用程序请求，已中止 I/O 操作。
10:39:58:297 TIocpCrossSocket.ProcessIoEvent.GetQueuedCompletionStatus : System Error.  Code: 995(03E3), 由于线程退出或应用程序请求，已中止 I/O 操作。
10:39:58:297 TIocpCrossSocket.ProcessIoEvent.GetQueuedCompletionStatus : System Error.  Code: 995(03E3), 由于线程退出或应用程序请求，已中止 I/O 操作。
10:39:58:371 TIocpCrossSocket._NewAccept.AcceptEx : System Error.  Code: 10038(2736), 在一个非套接字上尝试了一个操作。
10:39:58:297 TIocpCrossSocket.ProcessIoEvent.GetQueuedCompletionStatus : System Error.  Code: 995(03E3), 由于线程退出或应用程序请求，已中止 I/O 操作。
10:39:58:297 TIocpCrossSocket.ProcessIoEvent.GetQueuedCompletionStatus : System Error.  Code: 995(03E3), 由于线程退出或应用程序请求，已中止 I/O 操作。
10:39:58:297 TIocpCrossSocket.ProcessIoEvent.GetQueuedCompletionStatus : System Error.  Code: 995(03E3), 由于线程退出或应用程序请求，已中止 I/O 操作。
10:39:58:371 TIocpCrossSocket._NewAccept.AcceptEx : System Error.  Code: 10038(2736), 在一个非套接字上尝试了一个操作。
10:39:58:297 TIocpCrossSocket._NewAccept.AcceptEx : System Error.  Code: 10038(2736), 在一个非套接字上尝试了一个操作。
10:39:58:297 TIocpCrossSocket.ProcessIoEvent.GetQueuedCompletionStatus : System Error.  Code: 995(03E3), 由于线程退出或应用程序请求，已中止 I/O 操作。
10:39:58:371 TIocpCrossSocket._NewAccept.AcceptEx : System Error.  Code: 10038(2736), 在一个非套接字上尝试了一个操作。
10:39:58:297 TIocpCrossSocket._NewAccept.AcceptEx : System Error.  Code: 10038(2736), 在一个非套接字上尝试了一个操作。
10:39:58:297 TIocpCrossSocket.ProcessIoEvent.GetQueuedCompletionStatus : System Error.  Code: 995(03E3), 由于线程退出或应用程序请求，已中止 I/O 操作。
10:39:58:297 TIocpCrossSocket.ProcessIoEvent.GetQueuedCompletionStatus : System Error.  Code: 995(03E3), 由于线程退出或应用程序请求，已中止 I/O 操作。
10:39:58:371 TIocpCrossSocket._NewAccept.AcceptEx : System Error.  Code: 10038(2736), 在一个非套接字上尝试了一个操作。
10:39:58:298 TIocpCrossSocket._NewAccept.AcceptEx : System Error.  Code: 10038(2736), 在一个非套接字上尝试了一个操作。
10:39:58:371 TIocpCrossSocket._NewAccept.AcceptEx : System Error.  Code: 10038(2736), 在一个非套接字上尝试了一个操作。
10:39:58:297 TIocpCrossSocket.ProcessIoEvent.GetQueuedCompletionStatus : System Error.  Code: 995(03E3), 由于线程退出或应用程序请求，已中止 I/O 操作。
10:39:58:297 TIocpCrossSocket._NewAccept.AcceptEx : System Error.  Code: 10038(2736), 在一个非套接字上尝试了一个操作。
10:39:58:371 TIocpCrossSocket._NewAccept.AcceptEx : System Error.  Code: 10038(2736), 在一个非套接字上尝试了一个操作。
10:39:58:297 TIocpCrossSocket._NewAccept.AcceptEx : System Error.  Code: 10038(2736), 在一个非套接字上尝试了一个操作。
10:39:58:321 TIocpCrossSocket._NewAccept.AcceptEx : System Error.  Code: 10038(2736), 在一个非套接字上尝试了一个操作。
10:39:58:321 TIocpCrossSocket.ProcessIoEvent.GetQueuedCompletionStatus : System Error.  Code: 995(03E3), 由于线程退出或应用程序请求，已中止 I/O 操作。
10:39:58:297 TIocpCrossSocket._NewAccept.AcceptEx : System Error.  Code: 10038(2736), 在一个非套接字上尝试了一个操作。
10:39:58:371 TIocpCrossSocket._NewAccept.AcceptEx : System Error.  Code: 10038(2736), 在一个非套接字上尝试了一个操作。
10:39:58:370 TIocpCrossSocket.ProcessIoEvent.GetQueuedCompletionStatus : System Error.  Code: 995(03E3), 由于线程退出或应用程序请求，已中止 I/O 操作。
10:39:58:297 TIocpCrossSocket.ProcessIoEvent.GetQueuedCompletionStatus : System Error.  Code: 995(03E3), 由于线程退出或应用程序请求，已中止 I/O 操作。
10:39:58:297 TIocpCrossSocket.ProcessIoEvent.GetQueuedCompletionStatus : System Error.  Code: 995(03E3), 由于线程退出或应用程序请求，已中止 I/O 操作。
10:39:58:321 TIocpCrossSocket.ProcessIoEvent.GetQueuedCompletionStatus : System Error.  Code: 995(03E3), 由于线程退出或应用程序请求，已中止 I/O 操作。
10:39:58:297 TIocpCrossSocket.ProcessIoEvent.GetQueuedCompletionStatus : System Error.  Code: 995(03E3), 由于线程退出或应用程序请求，已中止 I/O 操作。
10:39:58:371 TIocpCrossSocket._NewAccept.AcceptEx : System Error.  Code: 10038(2736), 在一个非套接字上尝试了一个操作。
10:39:58:371 TIocpCrossSocket._NewAccept.AcceptEx : System Error.  Code: 10038(2736), 在一个非套接字上尝试了一个操作。
10:39:58:371 TIocpCrossSocket._NewAccept.AcceptEx : System Error.  Code: 10038(2736), 在一个非套接字上尝试了一个操作。
10:39:58:297 TIocpCrossSocket.ProcessIoEvent.GetQueuedCompletionStatus : System Error.  Code: 995(03E3), 由于线程退出或应用程序请求，已中止 I/O 操作。
10:39:58:371 TIocpCrossSocket._NewAccept.AcceptEx : System Error.  Code: 10038(2736), 在一个非套接字上尝试了一个操作。
10:39:58:371 TIocpCrossSocket._NewAccept.AcceptEx : System Error.  Code: 10038(2736), 在一个非套接字上尝试了一个操作。
10:39:58:297 TIocpCrossSocket.ProcessIoEvent.GetQueuedCompletionStatus : System Error.  Code: 995(03E3), 由于线程退出或应用程序请求，已中止 I/O 操作。
10:39:58:297 TIocpCrossSocket._NewAccept.AcceptEx : System Error.  Code: 10038(2736), 在一个非套接字上尝试了一个操作。
10:39:58:371 TIocpCrossSocket._NewAccept.AcceptEx : System Error.  Code: 10038(2736), 在一个非套接字上尝试了一个操作。
10:39:58:371 TIocpCrossSocket._NewAccept.AcceptEx : System Error.  Code: 10038(2736), 在一个非套接字上尝试了一个操作。
10:39:58:297 TIocpCrossSocket.ProcessIoEvent.GetQueuedCompletionStatus : System Error.  Code: 995(03E3), 由于线程退出或应用程序请求，已中止 I/O 操作。
10:39:58:371 TIocpCrossSocket._NewAccept.AcceptEx : System Error.  Code: 10038(2736), 在一个非套接字上尝试了一个操作。
10:39:58:297 TIocpCrossSocket.ProcessIoEvent.GetQueuedCompletionStatus : System Error.  Code: 995(03E3), 由于线程退出或应用程序请求，已中止 I/O 操作。
10:39:58:337 TIocpCrossSocket.ProcessIoEvent.GetQueuedCompletionStatus : System Error.  Code: 995(03E3), 由于线程退出或应用程序请求，已中止 I/O 操作。
10:39:58:321 TIocpCrossSocket.ProcessIoEvent.GetQueuedCompletionStatus : System Error.  Code: 995(03E3), 由于线程退出或应用程序请求，已中止 I/O 操作。
10:39:58:371 TIocpCrossSocket._NewAccept.AcceptEx : System Error.  Code: 10038(2736), 在一个非套接字上尝试了一个操作。
10:39:58:297 TIocpCrossSocket.ProcessIoEvent.GetQueuedCompletionStatus : System Error.  Code: 995(03E3), 由于线程退出或应用程序请求，已中止 I/O 操作。
10:39:58:371 TIocpCrossSocket._NewAccept.AcceptEx : System Error.  Code: 10038(2736), 在一个非套接字上尝试了一个操作。
10:39:58:372 TIocpCrossSocket._NewAccept.AcceptEx : System Error.  Code: 10038(2736), 在一个非套接字上尝试了一个操作。
10:39:58:372 TIocpCrossSocket._NewAccept.AcceptEx : System Error.  Code: 10038(2736), 在一个非套接字上尝试了一个操作。
10:39:58:372 TIocpCrossSocket._NewAccept.AcceptEx : System Error.  Code: 10038(2736), 在一个非套接字上尝试了一个操作。
10:39:58:372 TIocpCrossSocket._NewAccept.AcceptEx : System Error.  Code: 10038(2736), 在一个非套接字上尝试了一个操作。
10:39:58:372 TIocpCrossSocket._NewAccept.AcceptEx : System Error.  Code: 10038(2736), 在一个非套接字上尝试了一个操作。
10:39:58:384 TIocpCrossSocket._NewAccept.AcceptEx : System Error.  Code: 10038(2736), 在一个非套接字上尝试了一个操作。
10:39:58:384 TIocpCrossSocket._NewAccept.AcceptEx : System Error.  Code: 10038(2736), 在一个非套接字上尝试了一个操作。
10:39:58:371 TIocpCrossSocket._NewAccept.AcceptEx : System Error.  Code: 10038(2736), 在一个非套接字上尝试了一个操作。
10:39:58:297 TIocpCrossSocket.ProcessIoEvent.GetQueuedCompletionStatus : System Error.  Code: 995(03E3), 由于线程退出或应用程序请求，已中止 I/O 操作。
10:39:58:372 TIocpCrossSocket._NewAccept.AcceptEx : System Error.  Code: 10038(2736), 在一个非套接字上尝试了一个操作。
10:39:58:371 TIocpCrossSocket._NewAccept.AcceptEx : System Error.  Code: 10038(2736), 在一个非套接字上尝试了一个操作。
10:39:58:353 TIocpCrossSocket.ProcessIoEvent.GetQueuedCompletionStatus : System Error.  Code: 995(03E3), 由于线程退出或应用程序请求，已中止 I/O 操作。
10:39:58:297 TIocpCrossSocket.ProcessIoEvent.GetQueuedCompletionStatus : System Error.  Code: 995(03E3), 由于线程退出或应用程序请求，已中止 I/O 操作。
10:39:58:371 TIocpCrossSocket._NewAccept.AcceptEx : System Error.  Code: 10038(2736), 在一个非套接字上尝试了一个操作。
10:39:58:321 TIocpCrossSocket.ProcessIoEvent.GetQueuedCompletionStatus : System Error.  Code: 995(03E3), 由于线程退出或应用程序请求，已中止 I/O 操作。
10:39:58:297 TIocpCrossSocket.ProcessIoEvent.GetQueuedCompletionStatus : System Error.  Code: 995(03E3), 由于线程退出或应用程序请求，已中止 I/O 操作。
10:39:58:321 TIocpCrossSocket.ProcessIoEvent.GetQueuedCompletionStatus : System Error.  Code: 995(03E3), 由于线程退出或应用程序请求，已中止 I/O 操作。
10:39:58:297 TIocpCrossSocket.ProcessIoEvent.GetQueuedCompletionStatus : System Error.  Code: 995(03E3), 由于线程退出或应用程序请求，已中止 I/O 操作。
10:39:58:399 TIocpCrossSocket._NewAccept.AcceptEx : System Error.  Code: 10038(2736), 在一个非套接字上尝试了一个操作。
10:39:58:297 TIocpCrossSocket.ProcessIoEvent.GetQueuedCompletionStatus : System Error.  Code: 995(03E3), 由于线程退出或应用程序请求，已中止 I/O 操作。
10:39:58:399 TIocpCrossSocket._NewAccept.AcceptEx : System Error.  Code: 10038(2736), 在一个非套接字上尝试了一个操作。
10:39:58:399 TIocpCrossSocket._NewAccept.AcceptEx : System Error.  Code: 10038(2736), 在一个非套接字上尝试了一个操作。
10:39:58:399 TIocpCrossSocket._NewAccept.AcceptEx : System Error.  Code: 10038(2736), 在一个非套接字上尝试了一个操作。
10:39:58:399 TIocpCrossSocket._NewAccept.AcceptEx : System Error.  Code: 10038(2736), 在一个非套接字上尝试了一个操作。
10:39:58:399 TIocpCrossSocket._NewAccept.AcceptEx : System Error.  Code: 10038(2736), 在一个非套接字上尝试了一个操作。
10:39:58:399 TIocpCrossSocket._NewAccept.AcceptEx : System Error.  Code: 10038(2736), 在一个非套接字上尝试了一个操作。
10:39:58:415 TIocpCrossSocket._NewAccept.AcceptEx : System Error.  Code: 10038(2736), 在一个非套接字上尝试了一个操作。
11:22:43:304 TIocpCrossSocket.ProcessIoEvent.GetQueuedCompletionStatus : System Error.  Code: 64(0040), 指定的网络名不再可用。
11:22:45:203 TIocpCrossSocket.ProcessIoEvent.GetQueuedCompletionStatus : System Error.  Code: 995(03E3), 由于线程退出或应用程序请求，已中止 I/O 操作。
11:22:45:203 TIocpCrossSocket.ProcessIoEvent.GetQueuedCompletionStatus : System Error.  Code: 995(03E3), 由于线程退出或应用程序请求，已中止 I/O 操作。
11:22:45:203 TIocpCrossSocket.ProcessIoEvent.GetQueuedCompletionStatus : System Error.  Code: 995(03E3), 由于线程退出或应用程序请求，已中止 I/O 操作。
11:22:45:203 TIocpCrossSocket._NewAccept.AcceptEx : System Error.  Code: 10038(2736), 在一个非套接字上尝试了一个操作。
11:22:45:203 TIocpCrossSocket.ProcessIoEvent.GetQueuedCompletionStatus : System Error.  Code: 995(03E3), 由于线程退出或应用程序请求，已中止 I/O 操作。
11:22:45:203 TIocpCrossSocket.ProcessIoEvent.GetQueuedCompletionStatus : System Error.  Code: 995(03E3), 由于线程退出或应用程序请求，已中止 I/O 操作。
11:22:45:203 TIocpCrossSocket.ProcessIoEvent.GetQueuedCompletionStatus : System Error.  Code: 995(03E3), 由于线程退出或应用程序请求，已中止 I/O 操作。
11:22:45:203 TIocpCrossSocket.ProcessIoEvent.GetQueuedCompletionStatus : System Error.  Code: 995(03E3), 由于线程退出或应用程序请求，已中止 I/O 操作。
11:22:45:203 TIocpCrossSocket._NewAccept.AcceptEx : System Error.  Code: 10038(2736), 在一个非套接字上尝试了一个操作。
11:22:45:203 TIocpCrossSocket.ProcessIoEvent.GetQueuedCompletionStatus : System Error.  Code: 995(03E3), 由于线程退出或应用程序请求，已中止 I/O 操作。
11:22:45:203 TIocpCrossSocket.ProcessIoEvent.GetQueuedCompletionStatus : System Error.  Code: 995(03E3), 由于线程退出或应用程序请求，已中止 I/O 操作。
11:22:45:203 TIocpCrossSocket.ProcessIoEvent.GetQueuedCompletionStatus : System Error.  Code: 995(03E3), 由于线程退出或应用程序请求，已中止 I/O 操作。
11:22:45:203 TIocpCrossSocket.ProcessIoEvent.GetQueuedCompletionStatus : System Error.  Code: 995(03E3), 由于线程退出或应用程序请求，已中止 I/O 操作。
11:22:45:203 TIocpCrossSocket.ProcessIoEvent.GetQueuedCompletionStatus : System Error.  Code: 995(03E3), 由于线程退出或应用程序请求，已中止 I/O 操作。
11:22:45:203 TIocpCrossSocket._NewAccept.AcceptEx : System Error.  Code: 10038(2736), 在一个非套接字上尝试了一个操作。
11:22:45:204 TIocpCrossSocket._NewAccept.AcceptEx : System Error.  Code: 10038(2736), 在一个非套接字上尝试了一个操作。
11:22:45:204 TIocpCrossSocket.ProcessIoEvent.GetQueuedCompletionStatus : System Error.  Code: 995(03E3), 由于线程退出或应用程序请求，已中止 I/O 操作。
11:22:45:204 TIocpCrossSocket.ProcessIoEvent.GetQueuedCompletionStatus : System Error.  Code: 995(03E3), 由于线程退出或应用程序请求，已中止 I/O 操作。
11:22:45:204 TIocpCrossSocket._NewAccept.AcceptEx : System Error.  Code: 10038(2736), 在一个非套接字上尝试了一个操作。
11:22:45:204 TIocpCrossSocket.ProcessIoEvent.GetQueuedCompletionStatus : System Error.  Code: 995(03E3), 由于线程退出或应用程序请求，已中止 I/O 操作。
11:22:45:204 TIocpCrossSocket._NewAccept.AcceptEx : System Error.  Code: 10038(2736), 在一个非套接字上尝试了一个操作。
11:22:45:204 TIocpCrossSocket.ProcessIoEvent.GetQueuedCompletionStatus : System Error.  Code: 995(03E3), 由于线程退出或应用程序请求，已中止 I/O 操作。
11:22:45:204 TIocpCrossSocket.ProcessIoEvent.GetQueuedCompletionStatus : System Error.  Code: 995(03E3), 由于线程退出或应用程序请求，已中止 I/O 操作。
11:22:45:204 TIocpCrossSocket.ProcessIoEvent.GetQueuedCompletionStatus : System Error.  Code: 995(03E3), 由于线程退出或应用程序请求，已中止 I/O 操作。
11:22:45:204 TIocpCrossSocket._NewAccept.AcceptEx : System Error.  Code: 10038(2736), 在一个非套接字上尝试了一个操作。
11:22:45:204 TIocpCrossSocket.ProcessIoEvent.GetQueuedCompletionStatus : System Error.  Code: 995(03E3), 由于线程退出或应用程序请求，已中止 I/O 操作。
11:22:45:204 TIocpCrossSocket._NewAccept.AcceptEx : System Error.  Code: 10038(2736), 在一个非套接字上尝试了一个操作。
11:22:45:203 TIocpCrossSocket.ProcessIoEvent.GetQueuedCompletionStatus : System Error.  Code: 995(03E3), 由于线程退出或应用程序请求，已中止 I/O 操作。
11:22:45:203 TIocpCrossSocket.ProcessIoEvent.GetQueuedCompletionStatus : System Error.  Code: 995(03E3), 由于线程退出或应用程序请求，已中止 I/O 操作。
11:22:45:203 TIocpCrossSocket.ProcessIoEvent.GetQueuedCompletionStatus : System Error.  Code: 995(03E3), 由于线程退出或应用程序请求，已中止 I/O 操作。
11:22:45:203 TIocpCrossSocket.ProcessIoEvent.GetQueuedCompletionStatus : System Error.  Code: 995(03E3), 由于线程退出或应用程序请求，已中止 I/O 操作。
11:22:45:218 TIocpCrossSocket._NewAccept.AcceptEx : System Error.  Code: 10038(2736), 在一个非套接字上尝试了一个操作。
11:22:45:203 TIocpCrossSocket._NewAccept.AcceptEx : System Error.  Code: 10038(2736), 在一个非套接字上尝试了一个操作。
11:22:45:218 TIocpCrossSocket.ProcessIoEvent.GetQueuedCompletionStatus : System Error.  Code: 995(03E3), 由于线程退出或应用程序请求，已中止 I/O 操作。
11:22:45:218 TIocpCrossSocket._NewAccept.AcceptEx : System Error.  Code: 10038(2736), 在一个非套接字上尝试了一个操作。
11:22:45:218 TIocpCrossSocket.ProcessIoEvent.GetQueuedCompletionStatus : System Error.  Code: 995(03E3), 由于线程退出或应用程序请求，已中止 I/O 操作。
11:22:45:203 TIocpCrossSocket._NewAccept.AcceptEx : System Error.  Code: 10038(2736), 在一个非套接字上尝试了一个操作。
11:22:45:203 TIocpCrossSocket.ProcessIoEvent.GetQueuedCompletionStatus : System Error.  Code: 995(03E3), 由于线程退出或应用程序请求，已中止 I/O 操作。
11:22:45:218 TIocpCrossSocket.ProcessIoEvent.GetQueuedCompletionStatus : System Error.  Code: 995(03E3), 由于线程退出或应用程序请求，已中止 I/O 操作。
11:22:45:234 TIocpCrossSocket._NewAccept.AcceptEx : System Error.  Code: 10038(2736), 在一个非套接字上尝试了一个操作。
11:22:45:203 TIocpCrossSocket._NewAccept.AcceptEx : System Error.  Code: 10038(2736), 在一个非套接字上尝试了一个操作。
11:22:45:204 TIocpCrossSocket.ProcessIoEvent.GetQueuedCompletionStatus : System Error.  Code: 995(03E3), 由于线程退出或应用程序请求，已中止 I/O 操作。
11:22:45:218 TIocpCrossSocket.ProcessIoEvent.GetQueuedCompletionStatus : System Error.  Code: 995(03E3), 由于线程退出或应用程序请求，已中止 I/O 操作。
11:22:45:218 TIocpCrossSocket._NewAccept.AcceptEx : System Error.  Code: 10038(2736), 在一个非套接字上尝试了一个操作。
11:22:45:203 TIocpCrossSocket.ProcessIoEvent.GetQueuedCompletionStatus : System Error.  Code: 995(03E3), 由于线程退出或应用程序请求，已中止 I/O 操作。
11:22:45:203 TIocpCrossSocket._NewAccept.AcceptEx : System Error.  Code: 10038(2736), 在一个非套接字上尝试了一个操作。
11:22:45:234 TIocpCrossSocket._NewAccept.AcceptEx : System Error.  Code: 10038(2736), 在一个非套接字上尝试了一个操作。
11:22:45:203 TIocpCrossSocket.ProcessIoEvent.GetQueuedCompletionStatus : System Error.  Code: 995(03E3), 由于线程退出或应用程序请求，已中止 I/O 操作。
11:22:45:203 TIocpCrossSocket.ProcessIoEvent.GetQueuedCompletionStatus : System Error.  Code: 995(03E3), 由于线程退出或应用程序请求，已中止 I/O 操作。
11:22:45:203 TIocpCrossSocket.ProcessIoEvent.GetQueuedCompletionStatus : System Error.  Code: 995(03E3), 由于线程退出或应用程序请求，已中止 I/O 操作。
11:22:45:203 TIocpCrossSocket.ProcessIoEvent.GetQueuedCompletionStatus : System Error.  Code: 995(03E3), 由于线程退出或应用程序请求，已中止 I/O 操作。
11:22:45:218 TIocpCrossSocket._NewAccept.AcceptEx : System Error.  Code: 10038(2736), 在一个非套接字上尝试了一个操作。
11:22:45:218 TIocpCrossSocket.ProcessIoEvent.GetQueuedCompletionStatus : System Error.  Code: 995(03E3), 由于线程退出或应用程序请求，已中止 I/O 操作。
11:22:45:203 TIocpCrossSocket.ProcessIoEvent.GetQueuedCompletionStatus : System Error.  Code: 995(03E3), 由于线程退出或应用程序请求，已中止 I/O 操作。
11:22:45:234 TIocpCrossSocket.ProcessIoEvent.GetQueuedCompletionStatus : System Error.  Code: 995(03E3), 由于线程退出或应用程序请求，已中止 I/O 操作。
11:22:45:203 TIocpCrossSocket.ProcessIoEvent.GetQueuedCompletionStatus : System Error.  Code: 995(03E3), 由于线程退出或应用程序请求，已中止 I/O 操作。
11:22:45:234 TIocpCrossSocket.ProcessIoEvent.GetQueuedCompletionStatus : System Error.  Code: 995(03E3), 由于线程退出或应用程序请求，已中止 I/O 操作。
11:22:45:203 TIocpCrossSocket._NewAccept.AcceptEx : System Error.  Code: 10038(2736), 在一个非套接字上尝试了一个操作。
11:22:45:234 TIocpCrossSocket._NewAccept.AcceptEx : System Error.  Code: 10038(2736), 在一个非套接字上尝试了一个操作。
11:22:45:203 TIocpCrossSocket.ProcessIoEvent.GetQueuedCompletionStatus : System Error.  Code: 995(03E3), 由于线程退出或应用程序请求，已中止 I/O 操作。
11:22:45:203 TIocpCrossSocket.ProcessIoEvent.GetQueuedCompletionStatus : System Error.  Code: 995(03E3), 由于线程退出或应用程序请求，已中止 I/O 操作。
11:22:45:203 TIocpCrossSocket.ProcessIoEvent.GetQueuedCompletionStatus : System Error.  Code: 995(03E3), 由于线程退出或应用程序请求，已中止 I/O 操作。
11:22:45:218 TIocpCrossSocket._NewAccept.AcceptEx : System Error.  Code: 10038(2736), 在一个非套接字上尝试了一个操作。
11:22:45:204 TIocpCrossSocket.ProcessIoEvent.GetQueuedCompletionStatus : System Error.  Code: 995(03E3), 由于线程退出或应用程序请求，已中止 I/O 操作。
11:22:45:218 TIocpCrossSocket._NewAccept.AcceptEx : System Error.  Code: 10038(2736), 在一个非套接字上尝试了一个操作。
11:22:45:203 TIocpCrossSocket.ProcessIoEvent.GetQueuedCompletionStatus : System Error.  Code: 995(03E3), 由于线程退出或应用程序请求，已中止 I/O 操作。
11:22:45:234 TIocpCrossSocket._NewAccept.AcceptEx : System Error.  Code: 10038(2736), 在一个非套接字上尝试了一个操作。
11:22:45:203 TIocpCrossSocket.ProcessIoEvent.GetQueuedCompletionStatus : System Error.  Code: 995(03E3), 由于线程退出或应用程序请求，已中止 I/O 操作。
11:22:45:250 TIocpCrossSocket._NewAccept.AcceptEx : System Error.  Code: 10038(2736), 在一个非套接字上尝试了一个操作。
11:22:45:250 TIocpCrossSocket._NewAccept.AcceptEx : System Error.  Code: 10038(2736), 在一个非套接字上尝试了一个操作。
11:22:45:250 TIocpCrossSocket._NewAccept.AcceptEx : System Error.  Code: 10038(2736), 在一个非套接字上尝试了一个操作。
11:22:45:250 TIocpCrossSocket._NewAccept.AcceptEx : System Error.  Code: 10038(2736), 在一个非套接字上尝试了一个操作。
11:22:45:250 TIocpCrossSocket._NewAccept.AcceptEx : System Error.  Code: 10038(2736), 在一个非套接字上尝试了一个操作。
11:22:45:203 TIocpCrossSocket.ProcessIoEvent.GetQueuedCompletionStatus : System Error.  Code: 995(03E3), 由于线程退出或应用程序请求，已中止 I/O 操作。
11:22:45:250 TIocpCrossSocket._NewAccept.AcceptEx : System Error.  Code: 10038(2736), 在一个非套接字上尝试了一个操作。
11:22:45:250 TIocpCrossSocket._NewAccept.AcceptEx : System Error.  Code: 10038(2736), 在一个非套接字上尝试了一个操作。
11:22:45:250 TIocpCrossSocket._NewAccept.AcceptEx : System Error.  Code: 10038(2736), 在一个非套接字上尝试了一个操作。
11:22:45:250 TIocpCrossSocket._NewAccept.AcceptEx : System Error.  Code: 10038(2736), 在一个非套接字上尝试了一个操作。
11:22:45:250 TIocpCrossSocket._NewAccept.AcceptEx : System Error.  Code: 10038(2736), 在一个非套接字上尝试了一个操作。
11:22:45:250 TIocpCrossSocket._NewAccept.AcceptEx : System Error.  Code: 10038(2736), 在一个非套接字上尝试了一个操作。
11:22:45:218 TIocpCrossSocket.ProcessIoEvent.GetQueuedCompletionStatus : System Error.  Code: 995(03E3), 由于线程退出或应用程序请求，已中止 I/O 操作。
11:22:45:203 TIocpCrossSocket._NewAccept.AcceptEx : System Error.  Code: 10038(2736), 在一个非套接字上尝试了一个操作。
11:22:45:266 TIocpCrossSocket._NewAccept.AcceptEx : System Error.  Code: 10038(2736), 在一个非套接字上尝试了一个操作。
11:22:45:203 TIocpCrossSocket.ProcessIoEvent.GetQueuedCompletionStatus : System Error.  Code: 995(03E3), 由于线程退出或应用程序请求，已中止 I/O 操作。
11:22:45:250 TIocpCrossSocket._NewAccept.AcceptEx : System Error.  Code: 10038(2736), 在一个非套接字上尝试了一个操作。
11:22:45:297 TIocpCrossSocket._NewAccept.AcceptEx : System Error.  Code: 10038(2736), 在一个非套接字上尝试了一个操作。
11:22:45:250 TIocpCrossSocket._NewAccept.AcceptEx : System Error.  Code: 10038(2736), 在一个非套接字上尝试了一个操作。
11:22:45:297 TIocpCrossSocket._NewAccept.AcceptEx : System Error.  Code: 10038(2736), 在一个非套接字上尝试了一个操作。
11:22:45:250 TIocpCrossSocket._NewAccept.AcceptEx : System Error.  Code: 10038(2736), 在一个非套接字上尝试了一个操作。
11:22:45:204 TIocpCrossSocket._NewAccept.AcceptEx : System Error.  Code: 10038(2736), 在一个非套接字上尝试了一个操作。
11:22:45:250 TIocpCrossSocket._NewAccept.AcceptEx : System Error.  Code: 10038(2736), 在一个非套接字上尝试了一个操作。
11:22:45:218 TIocpCrossSocket.ProcessIoEvent.GetQueuedCompletionStatus : System Error.  Code: 995(03E3), 由于线程退出或应用程序请求，已中止 I/O 操作。
11:22:45:250 TIocpCrossSocket._NewAccept.AcceptEx : System Error.  Code: 10038(2736), 在一个非套接字上尝试了一个操作。
11:22:45:250 TIocpCrossSocket._NewAccept.AcceptEx : System Error.  Code: 10038(2736), 在一个非套接字上尝试了一个操作。
11:22:45:282 TIocpCrossSocket._NewAccept.AcceptEx : System Error.  Code: 10038(2736), 在一个非套接字上尝试了一个操作。
11:22:45:297 TIocpCrossSocket._NewAccept.AcceptEx : System Error.  Code: 10038(2736), 在一个非套接字上尝试了一个操作。
11:22:45:250 TIocpCrossSocket._NewAccept.AcceptEx : System Error.  Code: 10038(2736), 在一个非套接字上尝试了一个操作。
11:22:45:266 TIocpCrossSocket._NewAccept.AcceptEx : System Error.  Code: 10038(2736), 在一个非套接字上尝试了一个操作。
11:30:06:273 TIocpCrossSocket.ProcessIoEvent.GetQueuedCompletionStatus : System Error.  Code: 64(0040), 指定的网络名不再可用。
11:30:10:431 TIocpCrossSocket.ProcessIoEvent.GetQueuedCompletionStatus : System Error.  Code: 995(03E3), 由于线程退出或应用程序请求，已中止 I/O 操作。
11:30:10:431 TIocpCrossSocket.ProcessIoEvent.GetQueuedCompletionStatus : System Error.  Code: 995(03E3), 由于线程退出或应用程序请求，已中止 I/O 操作。
11:30:10:431 TIocpCrossSocket.ProcessIoEvent.GetQueuedCompletionStatus : System Error.  Code: 995(03E3), 由于线程退出或应用程序请求，已中止 I/O 操作。
11:30:10:431 TIocpCrossSocket.ProcessIoEvent.GetQueuedCompletionStatus : System Error.  Code: 995(03E3), 由于线程退出或应用程序请求，已中止 I/O 操作。
11:30:10:431 TIocpCrossSocket._NewAccept.AcceptEx : System Error.  Code: 10038(2736), 在一个非套接字上尝试了一个操作。
11:30:10:431 TIocpCrossSocket.ProcessIoEvent.GetQueuedCompletionStatus : System Error.  Code: 995(03E3), 由于线程退出或应用程序请求，已中止 I/O 操作。
11:30:10:431 TIocpCrossSocket.ProcessIoEvent.GetQueuedCompletionStatus : System Error.  Code: 995(03E3), 由于线程退出或应用程序请求，已中止 I/O 操作。
11:30:10:431 TIocpCrossSocket.ProcessIoEvent.GetQueuedCompletionStatus : System Error.  Code: 995(03E3), 由于线程退出或应用程序请求，已中止 I/O 操作。
11:30:10:431 TIocpCrossSocket.ProcessIoEvent.GetQueuedCompletionStatus : System Error.  Code: 995(03E3), 由于线程退出或应用程序请求，已中止 I/O 操作。
11:30:10:431 TIocpCrossSocket.ProcessIoEvent.GetQueuedCompletionStatus : System Error.  Code: 995(03E3), 由于线程退出或应用程序请求，已中止 I/O 操作。
11:30:10:431 TIocpCrossSocket.ProcessIoEvent.GetQueuedCompletionStatus : System Error.  Code: 995(03E3), 由于线程退出或应用程序请求，已中止 I/O 操作。
11:30:10:431 TIocpCrossSocket._NewAccept.AcceptEx : System Error.  Code: 10038(2736), 在一个非套接字上尝试了一个操作。
11:30:10:431 TIocpCrossSocket.ProcessIoEvent.GetQueuedCompletionStatus : System Error.  Code: 995(03E3), 由于线程退出或应用程序请求，已中止 I/O 操作。
11:30:10:431 TIocpCrossSocket.ProcessIoEvent.GetQueuedCompletionStatus : System Error.  Code: 995(03E3), 由于线程退出或应用程序请求，已中止 I/O 操作。
11:30:10:431 TIocpCrossSocket.ProcessIoEvent.GetQueuedCompletionStatus : System Error.  Code: 995(03E3), 由于线程退出或应用程序请求，已中止 I/O 操作。
11:30:10:431 TIocpCrossSocket.ProcessIoEvent.GetQueuedCompletionStatus : System Error.  Code: 995(03E3), 由于线程退出或应用程序请求，已中止 I/O 操作。
11:30:10:431 TIocpCrossSocket._NewAccept.AcceptEx : System Error.  Code: 10038(2736), 在一个非套接字上尝试了一个操作。
11:30:10:431 TIocpCrossSocket._NewAccept.AcceptEx : System Error.  Code: 10038(2736), 在一个非套接字上尝试了一个操作。
11:30:10:431 TIocpCrossSocket._NewAccept.AcceptEx : System Error.  Code: 10038(2736), 在一个非套接字上尝试了一个操作。
11:30:10:431 TIocpCrossSocket.ProcessIoEvent.GetQueuedCompletionStatus : System Error.  Code: 995(03E3), 由于线程退出或应用程序请求，已中止 I/O 操作。
11:30:10:441 TIocpCrossSocket.ProcessIoEvent.GetQueuedCompletionStatus : System Error.  Code: 995(03E3), 由于线程退出或应用程序请求，已中止 I/O 操作。
11:30:10:431 TIocpCrossSocket.ProcessIoEvent.GetQueuedCompletionStatus : System Error.  Code: 995(03E3), 由于线程退出或应用程序请求，已中止 I/O 操作。
11:30:10:472 TIocpCrossSocket._NewAccept.AcceptEx : System Error.  Code: 10038(2736), 在一个非套接字上尝试了一个操作。
11:30:10:457 TIocpCrossSocket.ProcessIoEvent.GetQueuedCompletionStatus : System Error.  Code: 995(03E3), 由于线程退出或应用程序请求，已中止 I/O 操作。
11:30:10:431 TIocpCrossSocket.ProcessIoEvent.GetQueuedCompletionStatus : System Error.  Code: 995(03E3), 由于线程退出或应用程序请求，已中止 I/O 操作。
11:30:10:431 TIocpCrossSocket.ProcessIoEvent.GetQueuedCompletionStatus : System Error.  Code: 995(03E3), 由于线程退出或应用程序请求，已中止 I/O 操作。
11:30:10:472 TIocpCrossSocket._NewAccept.AcceptEx : System Error.  Code: 10038(2736), 在一个非套接字上尝试了一个操作。
11:30:10:488 TIocpCrossSocket.ProcessIoEvent.GetQueuedCompletionStatus : System Error.  Code: 995(03E3), 由于线程退出或应用程序请求，已中止 I/O 操作。
11:30:10:457 TIocpCrossSocket._NewAccept.AcceptEx : System Error.  Code: 10038(2736), 在一个非套接字上尝试了一个操作。
11:30:10:431 TIocpCrossSocket.ProcessIoEvent.GetQueuedCompletionStatus : System Error.  Code: 995(03E3), 由于线程退出或应用程序请求，已中止 I/O 操作。
11:30:10:457 TIocpCrossSocket._NewAccept.AcceptEx : System Error.  Code: 10038(2736), 在一个非套接字上尝试了一个操作。
11:30:10:457 TIocpCrossSocket.ProcessIoEvent.GetQueuedCompletionStatus : System Error.  Code: 995(03E3), 由于线程退出或应用程序请求，已中止 I/O 操作。
11:30:10:488 TIocpCrossSocket._NewAccept.AcceptEx : System Error.  Code: 10038(2736), 在一个非套接字上尝试了一个操作。
11:30:10:457 TIocpCrossSocket.ProcessIoEvent.GetQueuedCompletionStatus : System Error.  Code: 995(03E3), 由于线程退出或应用程序请求，已中止 I/O 操作。
11:30:10:488 TIocpCrossSocket._NewAccept.AcceptEx : System Error.  Code: 10038(2736), 在一个非套接字上尝试了一个操作。
11:30:10:488 TIocpCrossSocket._NewAccept.AcceptEx : System Error.  Code: 10038(2736), 在一个非套接字上尝试了一个操作。
11:30:10:431 TIocpCrossSocket.ProcessIoEvent.GetQueuedCompletionStatus : System Error.  Code: 995(03E3), 由于线程退出或应用程序请求，已中止 I/O 操作。
11:30:10:431 TIocpCrossSocket.ProcessIoEvent.GetQueuedCompletionStatus : System Error.  Code: 995(03E3), 由于线程退出或应用程序请求，已中止 I/O 操作。
11:30:10:441 TIocpCrossSocket._NewAccept.AcceptEx : System Error.  Code: 10038(2736), 在一个非套接字上尝试了一个操作。
11:30:10:457 TIocpCrossSocket.ProcessIoEvent.GetQueuedCompletionStatus : System Error.  Code: 995(03E3), 由于线程退出或应用程序请求，已中止 I/O 操作。
11:30:10:431 TIocpCrossSocket._NewAccept.AcceptEx : System Error.  Code: 10038(2736), 在一个非套接字上尝试了一个操作。
11:30:10:431 TIocpCrossSocket.ProcessIoEvent.GetQueuedCompletionStatus : System Error.  Code: 995(03E3), 由于线程退出或应用程序请求，已中止 I/O 操作。
11:30:10:431 TIocpCrossSocket.ProcessIoEvent.GetQueuedCompletionStatus : System Error.  Code: 995(03E3), 由于线程退出或应用程序请求，已中止 I/O 操作。
11:30:10:488 TIocpCrossSocket._NewAccept.AcceptEx : System Error.  Code: 10038(2736), 在一个非套接字上尝试了一个操作。
11:30:10:472 TIocpCrossSocket._NewAccept.AcceptEx : System Error.  Code: 10038(2736), 在一个非套接字上尝试了一个操作。
11:30:10:431 TIocpCrossSocket.ProcessIoEvent.GetQueuedCompletionStatus : System Error.  Code: 995(03E3), 由于线程退出或应用程序请求，已中止 I/O 操作。
11:30:10:488 TIocpCrossSocket._NewAccept.AcceptEx : System Error.  Code: 10038(2736), 在一个非套接字上尝试了一个操作。
11:30:10:431 TIocpCrossSocket.ProcessIoEvent.GetQueuedCompletionStatus : System Error.  Code: 995(03E3), 由于线程退出或应用程序请求，已中止 I/O 操作。
11:30:10:431 TIocpCrossSocket.ProcessIoEvent.GetQueuedCompletionStatus : System Error.  Code: 995(03E3), 由于线程退出或应用程序请求，已中止 I/O 操作。
11:30:10:431 TIocpCrossSocket._NewAccept.AcceptEx : System Error.  Code: 10038(2736), 在一个非套接字上尝试了一个操作。
11:30:10:457 TIocpCrossSocket.ProcessIoEvent.GetQueuedCompletionStatus : System Error.  Code: 995(03E3), 由于线程退出或应用程序请求，已中止 I/O 操作。
11:30:10:431 TIocpCrossSocket.ProcessIoEvent.GetQueuedCompletionStatus : System Error.  Code: 995(03E3), 由于线程退出或应用程序请求，已中止 I/O 操作。
11:30:10:431 TIocpCrossSocket.ProcessIoEvent.GetQueuedCompletionStatus : System Error.  Code: 995(03E3), 由于线程退出或应用程序请求，已中止 I/O 操作。
11:30:10:488 TIocpCrossSocket._NewAccept.AcceptEx : System Error.  Code: 10038(2736), 在一个非套接字上尝试了一个操作。
11:30:10:488 TIocpCrossSocket._NewAccept.AcceptEx : System Error.  Code: 10038(2736), 在一个非套接字上尝试了一个操作。
11:30:10:457 TIocpCrossSocket.ProcessIoEvent.GetQueuedCompletionStatus : System Error.  Code: 995(03E3), 由于线程退出或应用程序请求，已中止 I/O 操作。
11:30:10:488 TIocpCrossSocket._NewAccept.AcceptEx : System Error.  Code: 10038(2736), 在一个非套接字上尝试了一个操作。
11:30:10:488 TIocpCrossSocket._NewAccept.AcceptEx : System Error.  Code: 10038(2736), 在一个非套接字上尝试了一个操作。
11:30:10:488 TIocpCrossSocket._NewAccept.AcceptEx : System Error.  Code: 10038(2736), 在一个非套接字上尝试了一个操作。
11:30:10:489 TIocpCrossSocket._NewAccept.AcceptEx : System Error.  Code: 10038(2736), 在一个非套接字上尝试了一个操作。
11:30:10:488 TIocpCrossSocket._NewAccept.AcceptEx : System Error.  Code: 10038(2736), 在一个非套接字上尝试了一个操作。
11:30:10:431 TIocpCrossSocket.ProcessIoEvent.GetQueuedCompletionStatus : System Error.  Code: 995(03E3), 由于线程退出或应用程序请求，已中止 I/O 操作。
11:30:10:431 TIocpCrossSocket.ProcessIoEvent.GetQueuedCompletionStatus : System Error.  Code: 995(03E3), 由于线程退出或应用程序请求，已中止 I/O 操作。
11:30:10:431 TIocpCrossSocket._NewAccept.AcceptEx : System Error.  Code: 10038(2736), 在一个非套接字上尝试了一个操作。
11:30:10:488 TIocpCrossSocket._NewAccept.AcceptEx : System Error.  Code: 10038(2736), 在一个非套接字上尝试了一个操作。
11:30:10:431 TIocpCrossSocket.ProcessIoEvent.GetQueuedCompletionStatus : System Error.  Code: 995(03E3), 由于线程退出或应用程序请求，已中止 I/O 操作。
11:30:10:431 TIocpCrossSocket.ProcessIoEvent.GetQueuedCompletionStatus : System Error.  Code: 995(03E3), 由于线程退出或应用程序请求，已中止 I/O 操作。
11:30:10:488 TIocpCrossSocket._NewAccept.AcceptEx : System Error.  Code: 10038(2736), 在一个非套接字上尝试了一个操作。
11:30:10:431 TIocpCrossSocket.ProcessIoEvent.GetQueuedCompletionStatus : System Error.  Code: 995(03E3), 由于线程退出或应用程序请求，已中止 I/O 操作。
11:30:10:519 TIocpCrossSocket._NewAccept.AcceptEx : System Error.  Code: 10038(2736), 在一个非套接字上尝试了一个操作。
11:30:10:431 TIocpCrossSocket.ProcessIoEvent.GetQueuedCompletionStatus : System Error.  Code: 995(03E3), 由于线程退出或应用程序请求，已中止 I/O 操作。
11:30:10:488 TIocpCrossSocket._NewAccept.AcceptEx : System Error.  Code: 10038(2736), 在一个非套接字上尝试了一个操作。
11:30:10:504 TIocpCrossSocket._NewAccept.AcceptEx : System Error.  Code: 10038(2736), 在一个非套接字上尝试了一个操作。
11:30:10:519 TIocpCrossSocket._NewAccept.AcceptEx : System Error.  Code: 10038(2736), 在一个非套接字上尝试了一个操作。
11:30:10:431 TIocpCrossSocket.ProcessIoEvent.GetQueuedCompletionStatus : System Error.  Code: 995(03E3), 由于线程退出或应用程序请求，已中止 I/O 操作。
11:30:10:431 TIocpCrossSocket._NewAccept.AcceptEx : System Error.  Code: 10038(2736), 在一个非套接字上尝试了一个操作。
11:30:10:519 TIocpCrossSocket._NewAccept.AcceptEx : System Error.  Code: 10038(2736), 在一个非套接字上尝试了一个操作。
11:30:10:431 TIocpCrossSocket._NewAccept.AcceptEx : System Error.  Code: 10038(2736), 在一个非套接字上尝试了一个操作。
11:30:10:457 TIocpCrossSocket._NewAccept.AcceptEx : System Error.  Code: 10038(2736), 在一个非套接字上尝试了一个操作。
11:30:10:431 TIocpCrossSocket.ProcessIoEvent.GetQueuedCompletionStatus : System Error.  Code: 995(03E3), 由于线程退出或应用程序请求，已中止 I/O 操作。
11:30:10:519 TIocpCrossSocket._NewAccept.AcceptEx : System Error.  Code: 10038(2736), 在一个非套接字上尝试了一个操作。
11:30:10:457 TIocpCrossSocket._NewAccept.AcceptEx : System Error.  Code: 10038(2736), 在一个非套接字上尝试了一个操作。
11:30:10:519 TIocpCrossSocket._NewAccept.AcceptEx : System Error.  Code: 10038(2736), 在一个非套接字上尝试了一个操作。
11:30:10:431 TIocpCrossSocket.ProcessIoEvent.GetQueuedCompletionStatus : System Error.  Code: 995(03E3), 由于线程退出或应用程序请求，已中止 I/O 操作。
11:30:10:488 TIocpCrossSocket.ProcessIoEvent.GetQueuedCompletionStatus : System Error.  Code: 995(03E3), 由于线程退出或应用程序请求，已中止 I/O 操作。
11:30:10:519 TIocpCrossSocket._NewAccept.AcceptEx : System Error.  Code: 10038(2736), 在一个非套接字上尝试了一个操作。
11:30:10:431 TIocpCrossSocket._NewAccept.AcceptEx : System Error.  Code: 10038(2736), 在一个非套接字上尝试了一个操作。
11:30:10:457 TIocpCrossSocket.ProcessIoEvent.GetQueuedCompletionStatus : System Error.  Code: 995(03E3), 由于线程退出或应用程序请求，已中止 I/O 操作。
11:30:10:519 TIocpCrossSocket._NewAccept.AcceptEx : System Error.  Code: 10038(2736), 在一个非套接字上尝试了一个操作。
11:30:10:488 TIocpCrossSocket._NewAccept.AcceptEx : System Error.  Code: 10038(2736), 在一个非套接字上尝试了一个操作。
11:30:10:488 TIocpCrossSocket._NewAccept.AcceptEx : System Error.  Code: 10038(2736), 在一个非套接字上尝试了一个操作。
11:30:10:431 TIocpCrossSocket.ProcessIoEvent.GetQueuedCompletionStatus : System Error.  Code: 995(03E3), 由于线程退出或应用程序请求，已中止 I/O 操作。
11:30:10:520 TIocpCrossSocket._NewAccept.AcceptEx : System Error.  Code: 10038(2736), 在一个非套接字上尝试了一个操作。
11:30:10:519 TIocpCrossSocket._NewAccept.AcceptEx : System Error.  Code: 10038(2736), 在一个非套接字上尝试了一个操作。
11:30:10:520 TIocpCrossSocket._NewAccept.AcceptEx : System Error.  Code: 10038(2736), 在一个非套接字上尝试了一个操作。
11:30:10:520 TIocpCrossSocket._NewAccept.AcceptEx : System Error.  Code: 10038(2736), 在一个非套接字上尝试了一个操作。
11:30:10:431 TIocpCrossSocket.ProcessIoEvent.GetQueuedCompletionStatus : System Error.  Code: 995(03E3), 由于线程退出或应用程序请求，已中止 I/O 操作。
11:30:10:535 TIocpCrossSocket._NewAccept.AcceptEx : System Error.  Code: 10038(2736), 在一个非套接字上尝试了一个操作。
